<?xml version="1.0" encoding="UTF-8"?>
<testng-results ignored="0" total="2" passed="2" failed="0" skipped="0">
  <reporter-output>
  </reporter-output>
  <suite started-at="2024-06-18T22:04:01Z" name="Suite" finished-at="2024-06-18T22:04:01Z" duration-ms="41">
    <groups>
    </groups>
    <test started-at="2024-06-18T22:04:01Z" name="Test" finished-at="2024-06-18T22:04:01Z" duration-ms="41">
      <class name="MarchBatchPracticeSelenium.MarchPractic.class_1">
        <test-method signature="abc()[pri:0, instance:MarchBatchPracticeSelenium.MarchPractic.class_1@35645047]" started-at="2024-06-18T17:04:01Z" name="abc" finished-at="2024-06-18T17:04:01Z" duration-ms="11" status="PASS">
          <reporter-output>
          </reporter-output>
        </test-method> <!-- abc -->
      </class> <!-- MarchBatchPracticeSelenium.MarchPractic.class_1 -->
      <class name="MarchBatchPracticeSelenium.MarchPractic.class_2">
        <test-method signature="xyz()[pri:0, instance:MarchBatchPracticeSelenium.MarchPractic.class_2@17d88132]" started-at="2024-06-18T17:04:01Z" name="xyz" finished-at="2024-06-18T17:04:01Z" duration-ms="2" status="PASS">
          <reporter-output>
          </reporter-output>
        </test-method> <!-- xyz -->
      </class> <!-- MarchBatchPracticeSelenium.MarchPractic.class_2 -->
    </test> <!-- Test -->
  </suite> <!-- Suite -->
</testng-results>
