<?xml version="1.0" encoding="UTF-8"?>
<!-- Generated by org.testng.reporters.JUnitXMLReporter -->
<testsuite ignored="1" hostname="Latitude-E6320" failures="0" tests="3" name="Default test" time="0.063" errors="0" timestamp="18 Jun 2024 03:28:51 GMT">
  <testcase classname="MarchBatchPracticeSelenium.MarchPractic.testngExample" name="testCase_dependency" time="0.009"/>
  <testcase classname="MarchBatchPracticeSelenium.MarchPractic.testngExample" name="testCase3" time="0.005"/>
  <testcase classname="MarchBatchPracticeSelenium.MarchPractic.testngExample" name="testCase2" time="0.004"/>
  <testcase classname="MarchBatchPracticeSelenium.MarchPractic.testngExample" name="testCase1" time="0.0">
    <ignored/>
  </testcase> <!-- testCase1 -->
</testsuite> <!-- Default test -->
